SF:lib/ui/widgets/address_picker/address_selection_screen.dart
DA:199,1
DA:200,1
DA:204,1
DA:205,1
DA:224,0
DA:225,0
DA:228,0
DA:232,1
DA:236,1
DA:237,0
DA:238,0
DA:240,0
DA:242,0
DA:244,0
DA:251,0
DA:252,0
DA:253,0
DA:254,0
DA:255,0
DA:256,0
DA:257,0
DA:258,0
DA:259,0
DA:260,0
DA:261,0
DA:262,0
DA:263,0
DA:264,0
DA:265,0
DA:269,1
DA:271,1
DA:272,1
DA:273,3
DA:274,2
DA:276,3
DA:279,1
DA:280,7
DA:283,2
DA:284,1
DA:288,1
DA:290,1
DA:292,2
DA:295,0
DA:296,0
DA:297,0
DA:298,0
DA:299,0
DA:300,0
DA:301,0
DA:306,1
DA:308,1
DA:309,1
DA:310,1
DA:311,1
DA:312,1
DA:313,1
DA:314,1
DA:315,1
DA:316,1
DA:322,1
DA:323,1
DA:324,1
DA:326,3
DA:327,0
DA:331,0
DA:332,0
DA:333,0
DA:334,0
DA:335,0
DA:336,0
DA:338,0
DA:343,1
DA:345,1
DA:346,1
DA:347,1
DA:348,2
DA:349,3
DA:355,1
DA:358,1
DA:360,1
DA:364,1
DA:365,1
DA:366,2
DA:368,3
DA:379,1
DA:381,1
DA:382,1
DA:383,1
DA:385,1
DA:386,0
DA:387,0
LF:91
LH:51
end_of_record
